2014/06/23 12:54:57 [error] [exception.CException] exception 'CException' with message 'Alias "application.extensions.recaptcha.EReCaptchaValidator" is invalid. Make sure it points to an existing PHP file and the file is readable.' in /var/www/plataformaeducativalael/framework/YiiBase.php:322
Stack trace:
#0 /var/www/plataformaeducativalael/framework/validators/CValidator.php(186): YiiBase::import('application.ext...', true)
#1 /var/www/plataformaeducativalael/framework/base/CModel.php(287): CValidator::createValidator('application.ext...', Object(User), 'validation', Array)
#2 /var/www/plataformaeducativalael/framework/base/CModel.php(260): CModel->createValidators()
#3 /var/www/plataformaeducativalael/framework/base/CModel.php(304): CModel->getValidators('direccion_corre...')
#4 /var/www/plataformaeducativalael/framework/web/helpers/CHtml.php(1414): CModel->isAttributeRequired('direccion_corre...')
#5 /var/www/plataformaeducativalael/framework/web/widgets/CActiveForm.php(597): CHtml::activeLabelEx(Object(User), 'direccion_corre...', Array)
#6 /var/www/plataformaeducativalael/protected/views/user/_form.php(25): CActiveForm->labelEx(Object(User), 'direccion_corre...')
#7 /var/www/plataformaeducativalael/framework/web/CBaseController.php(126): require('/var/www/plataf...')
#8 /var/www/plataformaeducativalael/framework/web/CBaseController.php(95): CBaseController->renderInternal('/var/www/plataf...', Array, true)
#9 /var/www/plataformaeducativalael/framework/web/CController.php(869): CBaseController->renderFile('/var/www/plataf...', Array, true)
#10 /var/www/plataformaeducativalael/protected/views/user/create.php(18): CController->renderPartial('_form', Array)
#11 /var/www/plataformaeducativalael/framework/web/CBaseController.php(126): require('/var/www/plataf...')
#12 /var/www/plataformaeducativalael/framework/web/CBaseController.php(95): CBaseController->renderInternal('/var/www/plataf...', Array, true)
#13 /var/www/plataformaeducativalael/framework/web/CController.php(869): CBaseController->renderFile('/var/www/plataf...', Array, true)
#14 /var/www/plataformaeducativalael/framework/web/CController.php(782): CController->renderPartial('create', Array, true)
#15 /var/www/plataformaeducativalael/protected/controllers/UserController.php(74): CController->render('create', Array)
#16 /var/www/plataformaeducativalael/framework/web/actions/CInlineAction.php(49): UserController->actionCreate()
#17 /var/www/plataformaeducativalael/framework/web/CController.php(308): CInlineAction->runWithParams(Array)
#18 /var/www/plataformaeducativalael/framework/web/filters/CFilterChain.php(133): CController->runAction(Object(CInlineAction))
#19 /var/www/plataformaeducativalael/framework/web/filters/CFilter.php(40): CFilterChain->run()
#20 /var/www/plataformaeducativalael/framework/web/CController.php(1145): CFilter->filter(Object(CFilterChain))
#21 /var/www/plataformaeducativalael/framework/web/filters/CInlineFilter.php(58): CController->filterAccessControl(Object(CFilterChain))
#22 /var/www/plataformaeducativalael/framework/web/filters/CFilterChain.php(130): CInlineFilter->filter(Object(CFilterChain))
#23 /var/www/plataformaeducativalael/framework/web/CController.php(291): CFilterChain->run()
#24 /var/www/plataformaeducativalael/framework/web/CController.php(265): CController->runActionWithFilters(Object(CInlineAction), Array)
#25 /var/www/plataformaeducativalael/framework/web/CWebApplication.php(282): CController->run('create')
#26 /var/www/plataformaeducativalael/framework/web/CWebApplication.php(141): CWebApplication->runController('user/create')
#27 /var/www/plataformaeducativalael/framework/base/CApplication.php(180): CWebApplication->processRequest()
#28 /var/www/plataformaeducativalael/index.php(13): CApplication->run()
#29 {main}
REQUEST_URI=/plataformaeducativalael/index.php/user/create
---
2014/06/23 12:56:22 [error] [php] include(Ocupacion.php): failed to open stream: No such file or directory (/var/www/plataformaeducativalael/framework/YiiBase.php:427)
Stack trace:
#0 /var/www/plataformaeducativalael/protected/views/user/_form.php(66): spl_autoload_call()
#1 /var/www/plataformaeducativalael/framework/web/CBaseController.php(126): require()
#2 /var/www/plataformaeducativalael/framework/web/CBaseController.php(95): UserController->renderInternal()
#3 /var/www/plataformaeducativalael/framework/web/CController.php(869): UserController->renderFile()
#4 /var/www/plataformaeducativalael/protected/views/user/create.php(18): UserController->renderPartial()
#5 /var/www/plataformaeducativalael/framework/web/CBaseController.php(126): require()
#6 /var/www/plataformaeducativalael/framework/web/CBaseController.php(95): UserController->renderInternal()
#7 /var/www/plataformaeducativalael/framework/web/CController.php(869): UserController->renderFile()
#8 /var/www/plataformaeducativalael/framework/web/CController.php(782): UserController->renderPartial()
#9 /var/www/plataformaeducativalael/protected/controllers/UserController.php(74): UserController->render()
#10 /var/www/plataformaeducativalael/framework/web/actions/CInlineAction.php(49): UserController->actionCreate()
#11 /var/www/plataformaeducativalael/framework/web/CController.php(308): CInlineAction->runWithParams()
#12 /var/www/plataformaeducativalael/framework/web/filters/CFilterChain.php(133): UserController->runAction()
#13 /var/www/plataformaeducativalael/framework/web/filters/CFilter.php(40): CFilterChain->run()
#14 /var/www/plataformaeducativalael/framework/web/CController.php(1145): CAccessControlFilter->filter()
#15 /var/www/plataformaeducativalael/framework/web/filters/CInlineFilter.php(58): UserController->filterAccessControl()
#16 /var/www/plataformaeducativalael/framework/web/filters/CFilterChain.php(130): CInlineFilter->filter()
#17 /var/www/plataformaeducativalael/framework/web/CController.php(291): CFilterChain->run()
#18 /var/www/plataformaeducativalael/framework/web/CController.php(265): UserController->runActionWithFilters()
#19 /var/www/plataformaeducativalael/framework/web/CWebApplication.php(282): UserController->run()
#20 /var/www/plataformaeducativalael/framework/web/CWebApplication.php(141): CWebApplication->runController()
#21 /var/www/plataformaeducativalael/framework/base/CApplication.php(180): CWebApplication->processRequest()
#22 /var/www/plataformaeducativalael/index.php(13): CWebApplication->run()
REQUEST_URI=/plataformaeducativalael/index.php/user/create
in /var/www/plataformaeducativalael/protected/views/user/_form.php (66)
in /var/www/plataformaeducativalael/protected/views/user/create.php (18)
in /var/www/plataformaeducativalael/protected/controllers/UserController.php (74)
2014/06/23 12:56:57 [error] [php] include(Ocupation.php): failed to open stream: No such file or directory (/var/www/plataformaeducativalael/framework/YiiBase.php:427)
Stack trace:
#0 /var/www/plataformaeducativalael/protected/views/user/_form.php(66): spl_autoload_call()
#1 /var/www/plataformaeducativalael/framework/web/CBaseController.php(126): require()
#2 /var/www/plataformaeducativalael/framework/web/CBaseController.php(95): UserController->renderInternal()
#3 /var/www/plataformaeducativalael/framework/web/CController.php(869): UserController->renderFile()
#4 /var/www/plataformaeducativalael/protected/views/user/create.php(18): UserController->renderPartial()
#5 /var/www/plataformaeducativalael/framework/web/CBaseController.php(126): require()
#6 /var/www/plataformaeducativalael/framework/web/CBaseController.php(95): UserController->renderInternal()
#7 /var/www/plataformaeducativalael/framework/web/CController.php(869): UserController->renderFile()
#8 /var/www/plataformaeducativalael/framework/web/CController.php(782): UserController->renderPartial()
#9 /var/www/plataformaeducativalael/protected/controllers/UserController.php(74): UserController->render()
#10 /var/www/plataformaeducativalael/framework/web/actions/CInlineAction.php(49): UserController->actionCreate()
#11 /var/www/plataformaeducativalael/framework/web/CController.php(308): CInlineAction->runWithParams()
#12 /var/www/plataformaeducativalael/framework/web/filters/CFilterChain.php(133): UserController->runAction()
#13 /var/www/plataformaeducativalael/framework/web/filters/CFilter.php(40): CFilterChain->run()
#14 /var/www/plataformaeducativalael/framework/web/CController.php(1145): CAccessControlFilter->filter()
#15 /var/www/plataformaeducativalael/framework/web/filters/CInlineFilter.php(58): UserController->filterAccessControl()
#16 /var/www/plataformaeducativalael/framework/web/filters/CFilterChain.php(130): CInlineFilter->filter()
#17 /var/www/plataformaeducativalael/framework/web/CController.php(291): CFilterChain->run()
#18 /var/www/plataformaeducativalael/framework/web/CController.php(265): UserController->runActionWithFilters()
#19 /var/www/plataformaeducativalael/framework/web/CWebApplication.php(282): UserController->run()
#20 /var/www/plataformaeducativalael/framework/web/CWebApplication.php(141): CWebApplication->runController()
#21 /var/www/plataformaeducativalael/framework/base/CApplication.php(180): CWebApplication->processRequest()
#22 /var/www/plataformaeducativalael/index.php(13): CWebApplication->run()
REQUEST_URI=/plataformaeducativalael/index.php/user/create
in /var/www/plataformaeducativalael/protected/views/user/_form.php (66)
in /var/www/plataformaeducativalael/protected/views/user/create.php (18)
in /var/www/plataformaeducativalael/protected/controllers/UserController.php (74)
2014/06/23 12:56:59 [error] [php] include(Ocupation.php): failed to open stream: No such file or directory (/var/www/plataformaeducativalael/framework/YiiBase.php:427)
Stack trace:
#0 /var/www/plataformaeducativalael/protected/views/user/_form.php(66): spl_autoload_call()
#1 /var/www/plataformaeducativalael/framework/web/CBaseController.php(126): require()
#2 /var/www/plataformaeducativalael/framework/web/CBaseController.php(95): UserController->renderInternal()
#3 /var/www/plataformaeducativalael/framework/web/CController.php(869): UserController->renderFile()
#4 /var/www/plataformaeducativalael/protected/views/user/create.php(18): UserController->renderPartial()
#5 /var/www/plataformaeducativalael/framework/web/CBaseController.php(126): require()
#6 /var/www/plataformaeducativalael/framework/web/CBaseController.php(95): UserController->renderInternal()
#7 /var/www/plataformaeducativalael/framework/web/CController.php(869): UserController->renderFile()
#8 /var/www/plataformaeducativalael/framework/web/CController.php(782): UserController->renderPartial()
#9 /var/www/plataformaeducativalael/protected/controllers/UserController.php(74): UserController->render()
#10 /var/www/plataformaeducativalael/framework/web/actions/CInlineAction.php(49): UserController->actionCreate()
#11 /var/www/plataformaeducativalael/framework/web/CController.php(308): CInlineAction->runWithParams()
#12 /var/www/plataformaeducativalael/framework/web/filters/CFilterChain.php(133): UserController->runAction()
#13 /var/www/plataformaeducativalael/framework/web/filters/CFilter.php(40): CFilterChain->run()
#14 /var/www/plataformaeducativalael/framework/web/CController.php(1145): CAccessControlFilter->filter()
#15 /var/www/plataformaeducativalael/framework/web/filters/CInlineFilter.php(58): UserController->filterAccessControl()
#16 /var/www/plataformaeducativalael/framework/web/filters/CFilterChain.php(130): CInlineFilter->filter()
#17 /var/www/plataformaeducativalael/framework/web/CController.php(291): CFilterChain->run()
#18 /var/www/plataformaeducativalael/framework/web/CController.php(265): UserController->runActionWithFilters()
#19 /var/www/plataformaeducativalael/framework/web/CWebApplication.php(282): UserController->run()
#20 /var/www/plataformaeducativalael/framework/web/CWebApplication.php(141): CWebApplication->runController()
#21 /var/www/plataformaeducativalael/framework/base/CApplication.php(180): CWebApplication->processRequest()
#22 /var/www/plataformaeducativalael/index.php(13): CWebApplication->run()
REQUEST_URI=/plataformaeducativalael/index.php/user/create
in /var/www/plataformaeducativalael/protected/views/user/_form.php (66)
in /var/www/plataformaeducativalael/protected/views/user/create.php (18)
in /var/www/plataformaeducativalael/protected/controllers/UserController.php (74)
2014/06/23 13:02:33 [warning] [application] Failed to set unsafe attribute "password_again" of "User".
in /var/www/plataformaeducativalael/protected/controllers/UserController.php (67)
in /var/www/plataformaeducativalael/index.php (13)
2014/06/23 13:02:33 [warning] [application] Failed to set unsafe attribute "validation" of "User".
in /var/www/plataformaeducativalael/protected/controllers/UserController.php (67)
in /var/www/plataformaeducativalael/index.php (13)
2014/06/23 13:03:49 [warning] [application] Failed to set unsafe attribute "password_again" of "User".
in /var/www/plataformaeducativalael/protected/controllers/UserController.php (67)
in /var/www/plataformaeducativalael/index.php (13)
2014/06/23 13:03:49 [warning] [application] Failed to set unsafe attribute "validation" of "User".
in /var/www/plataformaeducativalael/protected/controllers/UserController.php (67)
in /var/www/plataformaeducativalael/index.php (13)
2014/06/23 13:04:14 [warning] [application] Failed to set unsafe attribute "password_again" of "User".
in /var/www/plataformaeducativalael/protected/controllers/UserController.php (67)
in /var/www/plataformaeducativalael/index.php (13)
2014/06/23 13:04:14 [warning] [application] Failed to set unsafe attribute "validation" of "User".
in /var/www/plataformaeducativalael/protected/controllers/UserController.php (67)
in /var/www/plataformaeducativalael/index.php (13)
2014/06/23 13:05:05 [warning] [application] Failed to set unsafe attribute "password_again" of "User".
in /var/www/plataformaeducativalael/protected/controllers/UserController.php (67)
in /var/www/plataformaeducativalael/index.php (13)
2014/06/23 13:05:05 [warning] [application] Failed to set unsafe attribute "validation" of "User".
in /var/www/plataformaeducativalael/protected/controllers/UserController.php (67)
in /var/www/plataformaeducativalael/index.php (13)
2014/06/23 13:05:10 [warning] [application] Failed to set unsafe attribute "password_again" of "User".
in /var/www/plataformaeducativalael/protected/controllers/UserController.php (67)
in /var/www/plataformaeducativalael/index.php (13)
2014/06/23 13:05:10 [warning] [application] Failed to set unsafe attribute "validation" of "User".
in /var/www/plataformaeducativalael/protected/controllers/UserController.php (67)
in /var/www/plataformaeducativalael/index.php (13)
2014/06/23 13:07:03 [warning] [application] Failed to set unsafe attribute "validation" of "User".
in /var/www/plataformaeducativalael/protected/controllers/UserController.php (67)
in /var/www/plataformaeducativalael/index.php (13)
2014/06/23 13:07:16 [warning] [application] Failed to set unsafe attribute "validation" of "User".
in /var/www/plataformaeducativalael/protected/controllers/UserController.php (67)
in /var/www/plataformaeducativalael/index.php (13)
2014/06/23 13:09:47 [warning] [application] Failed to set unsafe attribute "validation" of "User".
in /var/www/plataformaeducativalael/protected/controllers/UserController.php (67)
in /var/www/plataformaeducativalael/index.php (13)
2014/06/23 13:18:36 [error] [php] include(Usuario.php): failed to open stream: No such file or directory (/var/www/plataformaeducativalael/framework/YiiBase.php:427)
Stack trace:
#0 /var/www/plataformaeducativalael/protected/components/UserIdentity.php(19): spl_autoload_call()
#1 /var/www/plataformaeducativalael/protected/models/LoginForm.php(52): UserIdentity->authenticate()
#2 /var/www/plataformaeducativalael/framework/validators/CInlineValidator.php(42): LoginForm->authenticate()
#3 /var/www/plataformaeducativalael/framework/validators/CValidator.php(213): CInlineValidator->validateAttribute()
#4 /var/www/plataformaeducativalael/framework/base/CModel.php(159): CInlineValidator->validate()
#5 /var/www/plataformaeducativalael/protected/controllers/SiteController.php(94): LoginForm->validate()
#6 /var/www/plataformaeducativalael/framework/web/actions/CInlineAction.php(49): SiteController->actionLogin()
#7 /var/www/plataformaeducativalael/framework/web/CController.php(308): CInlineAction->runWithParams()
#8 /var/www/plataformaeducativalael/framework/web/CController.php(286): SiteController->runAction()
#9 /var/www/plataformaeducativalael/framework/web/CController.php(265): SiteController->runActionWithFilters()
#10 /var/www/plataformaeducativalael/framework/web/CWebApplication.php(282): SiteController->run()
#11 /var/www/plataformaeducativalael/framework/web/CWebApplication.php(141): CWebApplication->runController()
#12 /var/www/plataformaeducativalael/framework/base/CApplication.php(180): CWebApplication->processRequest()
#13 /var/www/plataformaeducativalael/index.php(13): CWebApplication->run()
REQUEST_URI=/plataformaeducativalael/index.php/site/login
in /var/www/plataformaeducativalael/protected/components/UserIdentity.php (19)
in /var/www/plataformaeducativalael/protected/models/LoginForm.php (52)
in /var/www/plataformaeducativalael/protected/controllers/SiteController.php (94)
2014/06/23 13:23:32 [error] [php] include(Ocupacion.php): failed to open stream: No such file or directory (/var/www/plataformaeducativalael/framework/YiiBase.php:427)
Stack trace:
#0 /var/www/plataformaeducativalael/protected/controllers/UserController.php(195): spl_autoload_call()
#1 /var/www/plataformaeducativalael/framework/web/actions/CInlineAction.php(49): UserController->actionSelect()
#2 /var/www/plataformaeducativalael/framework/web/CController.php(308): CInlineAction->runWithParams()
#3 /var/www/plataformaeducativalael/framework/web/filters/CFilterChain.php(133): UserController->runAction()
#4 /var/www/plataformaeducativalael/framework/web/filters/CFilter.php(40): CFilterChain->run()
#5 /var/www/plataformaeducativalael/framework/web/CController.php(1145): CAccessControlFilter->filter()
#6 /var/www/plataformaeducativalael/framework/web/filters/CInlineFilter.php(58): UserController->filterAccessControl()
#7 /var/www/plataformaeducativalael/framework/web/filters/CFilterChain.php(130): CInlineFilter->filter()
#8 /var/www/plataformaeducativalael/framework/web/CController.php(291): CFilterChain->run()
#9 /var/www/plataformaeducativalael/framework/web/CController.php(265): UserController->runActionWithFilters()
#10 /var/www/plataformaeducativalael/framework/web/CWebApplication.php(282): UserController->run()
#11 /var/www/plataformaeducativalael/framework/web/CWebApplication.php(141): CWebApplication->runController()
#12 /var/www/plataformaeducativalael/framework/base/CApplication.php(180): CWebApplication->processRequest()
#13 /var/www/plataformaeducativalael/index.php(13): CWebApplication->run()
REQUEST_URI=/plataformaeducativalael/index.php/User/select
in /var/www/plataformaeducativalael/protected/controllers/UserController.php (195)
in /var/www/plataformaeducativalael/index.php (13)
2014/06/23 13:23:55 [error] [php] include(Ocupacion.php): failed to open stream: No such file or directory (/var/www/plataformaeducativalael/framework/YiiBase.php:427)
Stack trace:
#0 /var/www/plataformaeducativalael/protected/controllers/UserController.php(195): spl_autoload_call()
#1 /var/www/plataformaeducativalael/framework/web/actions/CInlineAction.php(49): UserController->actionSelect()
#2 /var/www/plataformaeducativalael/framework/web/CController.php(308): CInlineAction->runWithParams()
#3 /var/www/plataformaeducativalael/framework/web/filters/CFilterChain.php(133): UserController->runAction()
#4 /var/www/plataformaeducativalael/framework/web/filters/CFilter.php(40): CFilterChain->run()
#5 /var/www/plataformaeducativalael/framework/web/CController.php(1145): CAccessControlFilter->filter()
#6 /var/www/plataformaeducativalael/framework/web/filters/CInlineFilter.php(58): UserController->filterAccessControl()
#7 /var/www/plataformaeducativalael/framework/web/filters/CFilterChain.php(130): CInlineFilter->filter()
#8 /var/www/plataformaeducativalael/framework/web/CController.php(291): CFilterChain->run()
#9 /var/www/plataformaeducativalael/framework/web/CController.php(265): UserController->runActionWithFilters()
#10 /var/www/plataformaeducativalael/framework/web/CWebApplication.php(282): UserController->run()
#11 /var/www/plataformaeducativalael/framework/web/CWebApplication.php(141): CWebApplication->runController()
#12 /var/www/plataformaeducativalael/framework/base/CApplication.php(180): CWebApplication->processRequest()
#13 /var/www/plataformaeducativalael/index.php(13): CWebApplication->run()
REQUEST_URI=/plataformaeducativalael/index.php/User/select
in /var/www/plataformaeducativalael/protected/controllers/UserController.php (195)
in /var/www/plataformaeducativalael/index.php (13)
2014/06/23 13:26:47 [warning] [application] Failed to set unsafe attribute "validation" of "User".
in /var/www/plataformaeducativalael/protected/controllers/UserController.php (67)
in /var/www/plataformaeducativalael/index.php (13)
2014/06/23 13:28:09 [warning] [application] Failed to set unsafe attribute "validation" of "User".
in /var/www/plataformaeducativalael/protected/controllers/UserController.php (67)
in /var/www/plataformaeducativalael/index.php (13)
2014/06/23 13:28:59 [warning] [application] Failed to set unsafe attribute "validation" of "User".
in /var/www/plataformaeducativalael/protected/controllers/UserController.php (67)
in /var/www/plataformaeducativalael/index.php (13)
2014/06/23 13:29:36 [warning] [application] Failed to set unsafe attribute "validation" of "User".
in /var/www/plataformaeducativalael/protected/controllers/UserController.php (67)
in /var/www/plataformaeducativalael/index.php (13)
2014/06/23 13:30:33 [warning] [application] Failed to set unsafe attribute "validation" of "User".
in /var/www/plataformaeducativalael/protected/controllers/UserController.php (67)
in /var/www/plataformaeducativalael/index.php (13)
2014/06/23 13:30:35 [warning] [application] Failed to set unsafe attribute "validation" of "User".
in /var/www/plataformaeducativalael/protected/controllers/UserController.php (67)
in /var/www/plataformaeducativalael/index.php (13)
2014/06/23 13:31:04 [warning] [application] Failed to set unsafe attribute "validation" of "User".
in /var/www/plataformaeducativalael/protected/controllers/UserController.php (67)
in /var/www/plataformaeducativalael/index.php (13)
2014/06/23 13:32:57 [warning] [application] Failed to set unsafe attribute "validation" of "User".
in /var/www/plataformaeducativalael/protected/controllers/UserController.php (67)
in /var/www/plataformaeducativalael/index.php (13)
2014/06/23 15:22:40 [warning] [application] Failed to set unsafe attribute "validation" of "User".
in /var/www/plataformaeducativalael/protected/controllers/UserController.php (67)
in /var/www/plataformaeducativalael/index.php (13)
2014/06/23 15:22:54 [warning] [application] Failed to set unsafe attribute "validation" of "User".
in /var/www/plataformaeducativalael/protected/controllers/UserController.php (67)
in /var/www/plataformaeducativalael/index.php (13)
2014/06/23 15:46:42 [warning] [application] Failed to set unsafe attribute "validation" of "User".
in /var/www/plataformaeducativalael/protected/controllers/UserController.php (67)
in /var/www/plataformaeducativalael/index.php (13)
